#
# A fatal error has been detected by the Java Runtime Environment:
#
#  Internal Error (generateOopMap.cpp:2164), pid=33808, tid=33833
#  fatal error: Illegal class file encountered. Try running with -Xverify:all in method main
#
# JRE version: OpenJDK Runtime Environment Corretto-11.0.16.9.1 (11.0.16.1+9) (build 11.0.16.1+9-LTS)
# Java VM: OpenJDK 64-Bit Server VM Corretto-11.0.16.9.1 (11.0.16.1+9-LTS, mixed mode, tiered, compressed oops, g1 gc, linux-amd64)
# Core dump will be written. Default location: Core dumps may be processed with "/usr/share/apport/apport -p%p -s%s -c%c -d%d -P%P -u%u -g%g -- %E" (or dumping to /home/john/git/ogulcan-assignment-3/core.33808)
#
# If you would like to submit a bug report, please visit:
#   https://github.com/corretto/corretto-11/issues/
#

---------------  S U M M A R Y ------------

Command Line: -agentlib:jdwp=transport=dt_socket,suspend=y,address=localhost:42071 -javaagent:/home/john/eclipse/jee-2022-06/eclipse/configuration/org.eclipse.osgi/401/0/.cp/lib/javaagent-shaded.jar -Dfile.encoding=UTF-8 com.coderscampus.UserLoginApplication

Host: Intel(R) Core(TM) i5-8265U CPU @ 1.60GHz, 8 cores, 7G, Ubuntu 22.04.1 LTS
Time: Mon Sep  5 14:06:18 2022 EDT elapsed time: 776.952721 seconds (0d 0h 12m 56s)

---------------  T H R E A D  ---------------

Current thread (0x00007fc0c81c7000):  VMThread "VM Thread" [stack: 0x00007fc0ac20e000,0x00007fc0ac30e000] [id=33833]

Stack: [0x00007fc0ac20e000,0x00007fc0ac30e000],  sp=0x00007fc0ac30bac0,  free space=1014k
Native frames: (J=compiled Java code, A=aot compiled Java code, j=interpreted, Vv=VM code, C=native code)
V  [libjvm.so+0xf46f1a]  VMError::report_and_die(int, char const*, char const*, __va_list_tag*, Thread*, unsigned char*, void*, void*, char const*, int, unsigned long)+0x1ca
V  [libjvm.so+0x6d53ef]  report_fatal(VMErrorType, char const*, int, char const*, ...)+0x10f
V  [libjvm.so+0x83f80f]  GenerateOopMap::error_work(char const*, __va_list_tag*)+0xcf
V  [libjvm.so+0x83f8eb]  GenerateOopMap::report_error(char const*, ...) [clone .constprop.80]+0x8b
V  [libjvm.so+0x841ad7]  GenerateOopMap::ppload(CellTypeState*, int)+0xf7
V  [libjvm.so+0x842bf3]  GenerateOopMap::interp1(BytecodeStream*)+0x1013
V  [libjvm.so+0x8444fc]  GenerateOopMap::interp_bb(BasicBlock*)+0x15c
V  [libjvm.so+0x8470bd]  GenerateOopMap::do_interpretation()+0xbd
V  [libjvm.so+0x847479]  GenerateOopMap::compute_map(Thread*)+0x269
V  [libjvm.so+0xc5d72a]  OopMapCacheEntry::fill(methodHandle const&, int)+0x20a
V  [libjvm.so+0xc5dcab]  OopMapCache::compute_one_oop_map(methodHandle const&, int, InterpreterOopMap*)+0x6b
V  [libjvm.so+0xbe7456]  Method::mask_for(int, InterpreterOopMap*)+0x76
V  [libjvm.so+0xa6baac]  VM_GetOrSetLocal::doit()+0x4c
V  [libjvm.so+0xf4a6d7]  VM_Operation::evaluate()+0xe7
V  [libjvm.so+0xf50bb6]  VMThread::evaluate_operation(VM_Operation*) [clone .constprop.67]+0xb6
V  [libjvm.so+0xf510e8]  VMThread::loop()+0x428
V  [libjvm.so+0xf51583]  VMThread::run()+0x73
V  [libjvm.so+0xed618f]  Thread::call_run()+0x14f
V  [libjvm.so+0xc74376]  thread_native_entry(Thread*)+0xe6

VM_Operation (0x00007fc0969fe8a0): GetOrSetLocal, mode: safepoint, requested by thread 0x00007fc0c82ea800


---------------  P R O C E S S  ---------------

Threads class SMR info:
_java_thread_list=0x00007fc0640225f0, length=12, elements={
0x00007fc0c8029000, 0x00007fc0c81cf000, 0x00007fc0c81d3800, 0x00007fc0c81e8000,
0x00007fc0c81ea000, 0x00007fc0c81ec800, 0x00007fc0c81ee800, 0x00007fc0c81f0800,
0x00007fc0c826e000, 0x00007fc0c82ea800, 0x00007fc0c82f6800, 0x00007fc068001800
}

Java Threads: ( => current thread )
  0x00007fc0c8029000 JavaThread "main" [_thread_blocked, id=33814, stack(0x00007fc0cce19000,0x00007fc0ccf19000)]
  0x00007fc0c81cf000 JavaThread "Reference Handler" daemon [_thread_blocked, id=33834, stack(0x00007fc0ac10c000,0x00007fc0ac20c000)]
  0x00007fc0c81d3800 JavaThread "Finalizer" daemon [_thread_blocked, id=33836, stack(0x00007fc0ac00c000,0x00007fc0ac10c000)]
  0x00007fc0c81e8000 JavaThread "Signal Dispatcher" daemon [_thread_blocked, id=33838, stack(0x00007fc0a4080000,0x00007fc0a4180000)]
  0x00007fc0c81ea000 JavaThread "Service Thread" daemon [_thread_blocked, id=33840, stack(0x00007fc09718d000,0x00007fc09728d000)]
  0x00007fc0c81ec800 JavaThread "C2 CompilerThread0" daemon [_thread_blocked, id=33841, stack(0x00007fc09708d000,0x00007fc09718d000)]
  0x00007fc0c81ee800 JavaThread "C1 CompilerThread0" daemon [_thread_blocked, id=33842, stack(0x00007fc096f8d000,0x00007fc09708d000)]
  0x00007fc0c81f0800 JavaThread "Sweeper thread" daemon [_thread_blocked, id=33843, stack(0x00007fc096e8d000,0x00007fc096f8d000)]
  0x00007fc0c826e000 JavaThread "Common-Cleaner" daemon [_thread_blocked, id=33849, stack(0x00007fc096d8d000,0x00007fc096e8d000)]
  0x00007fc0c82ea800 JavaThread "JDWP Transport Listener: dt_socket" daemon [_thread_blocked, id=33857, stack(0x00007fc096900000,0x00007fc096a00000)] _threads_hazard_ptr=0x00007fc0640225f0
  0x00007fc0c82f6800 JavaThread "JDWP Event Helper Thread" daemon [_thread_blocked, id=33859, stack(0x00007fc096800000,0x00007fc096900000)]
  0x00007fc068001800 JavaThread "JDWP Command Reader" daemon [_thread_in_native, id=33861, stack(0x00007fc096700000,0x00007fc096800000)]

Other Threads:
=>0x00007fc0c81c7000 VMThread "VM Thread" [stack: 0x00007fc0ac20e000,0x00007fc0ac30e000] [id=33833]
  0x00007fc0c83fa000 WatcherThread [stack: 0x00007fc096300000,0x00007fc096400000] [id=33899]
  0x00007fc0c8043000 GCTaskThread "GC Thread#0" [stack: 0x00007fc0cc300000,0x00007fc0cc400000] [id=33825]
  0x00007fc0c8074000 ConcurrentGCThread "G1 Main Marker" [stack: 0x00007fc0ace1e000,0x00007fc0acf1e000] [id=33827]
  0x00007fc0c8076000 ConcurrentGCThread "G1 Conc#0" [stack: 0x00007fc0acd1c000,0x00007fc0ace1c000] [id=33828]
  0x00007fc0c80fd000 ConcurrentGCThread "G1 Refine#0" [stack: 0x00007fc0ac412000,0x00007fc0ac512000] [id=33829]
  0x00007fc0c80ff000 ConcurrentGCThread "G1 Young RemSet Sampling" [stack: 0x00007fc0ac310000,0x00007fc0ac410000] [id=33831]

Threads with active compile tasks:

VM state:at safepoint (normal execution)

VM Mutex/Monitor currently owned by a thread:  ([mutex/lock_event])
[0x00007fc0c8026ea0] Threads_lock - owner thread: 0x00007fc0c81c7000

Heap address: 0x0000000086000000, size: 1952 MB, Compressed Oops mode: 32-bit
Narrow klass base: 0x0000000000000000, Narrow klass shift: 3
Compressed class space size: 1073741824 Address: 0x0000000100000000

Heap:
 garbage-first heap   total 124928K, used 5120K [0x0000000086000000, 0x0000000100000000)
  region size 1024K, 7 young (7168K), 0 survivors (0K)
 Metaspace       used 9910K, capacity 10029K, committed 10240K, reserved 1058816K
  class space    used 858K, capacity 916K, committed 1024K, reserved 1048576K
Heap Regions: E=young(eden), S=young(survivor), O=old, HS=humongous(starts), HC=humongous(continues), CS=collection set, F=free, A=archive, TAMS=top-at-mark-start (previous, next)
|   0|0x0000000086000000, 0x0000000086000000, 0x0000000086100000|  0%| F|  |TAMS 0x0000000086000000, 0x0000000086000000| Untracked 
|   1|0x0000000086100000, 0x0000000086100000, 0x0000000086200000|  0%| F|  |TAMS 0x0000000086100000, 0x0000000086100000| Untracked 
|   2|0x0000000086200000, 0x0000000086200000, 0x0000000086300000|  0%| F|  |TAMS 0x0000000086200000, 0x0000000086200000| Untracked 
|   3|0x0000000086300000, 0x0000000086300000, 0x0000000086400000|  0%| F|  |TAMS 0x0000000086300000, 0x0000000086300000| Untracked 
|   4|0x0000000086400000, 0x0000000086400000, 0x0000000086500000|  0%| F|  |TAMS 0x0000000086400000, 0x0000000086400000| Untracked 
|   5|0x0000000086500000, 0x0000000086500000, 0x0000000086600000|  0%| F|  |TAMS 0x0000000086500000, 0x0000000086500000| Untracked 
|   6|0x0000000086600000, 0x0000000086600000, 0x0000000086700000|  0%| F|  |TAMS 0x0000000086600000, 0x0000000086600000| Untracked 
|   7|0x0000000086700000, 0x0000000086700000, 0x0000000086800000|  0%| F|  |TAMS 0x0000000086700000, 0x0000000086700000| Untracked 
|   8|0x0000000086800000, 0x0000000086800000, 0x0000000086900000|  0%| F|  |TAMS 0x0000000086800000, 0x0000000086800000| Untracked 
|   9|0x0000000086900000, 0x0000000086900000, 0x0000000086a00000|  0%| F|  |TAMS 0x0000000086900000, 0x0000000086900000| Untracked 
|  10|0x0000000086a00000, 0x0000000086a00000, 0x0000000086b00000|  0%| F|  |TAMS 0x0000000086a00000, 0x0000000086a00000| Untracked 
|  11|0x0000000086b00000, 0x0000000086b00000, 0x0000000086c00000|  0%| F|  |TAMS 0x0000000086b00000, 0x0000000086b00000| Untracked 
|  12|0x0000000086c00000, 0x0000000086c00000, 0x0000000086d00000|  0%| F|  |TAMS 0x0000000086c00000, 0x0000000086c00000| Untracked 
|  13|0x0000000086d00000, 0x0000000086d00000, 0x0000000086e00000|  0%| F|  |TAMS 0x0000000086d00000, 0x0000000086d00000| Untracked 
|  14|0x0000000086e00000, 0x0000000086e00000, 0x0000000086f00000|  0%| F|  |TAMS 0x0000000086e00000, 0x0000000086e00000| Untracked 
|  15|0x0000000086f00000, 0x0000000086f00000, 0x0000000087000000|  0%| F|  |TAMS 0x0000000086f00000, 0x0000000086f00000| Untracked 
|  16|0x0000000087000000, 0x0000000087000000, 0x0000000087100000|  0%| F|  |TAMS 0x0000000087000000, 0x0000000087000000| Untracked 
|  17|0x0000000087100000, 0x0000000087100000, 0x0000000087200000|  0%| F|  |TAMS 0x0000000087100000, 0x0000000087100000| Untracked 
|  18|0x0000000087200000, 0x0000000087200000, 0x0000000087300000|  0%| F|  |TAMS 0x0000000087200000, 0x0000000087200000| Untracked 
|  19|0x0000000087300000, 0x0000000087300000, 0x0000000087400000|  0%| F|  |TAMS 0x0000000087300000, 0x0000000087300000| Untracked 
|  20|0x0000000087400000, 0x0000000087400000, 0x0000000087500000|  0%| F|  |TAMS 0x0000000087400000, 0x0000000087400000| Untracked 
|  21|0x0000000087500000, 0x0000000087500000, 0x0000000087600000|  0%| F|  |TAMS 0x0000000087500000, 0x0000000087500000| Untracked 
|  22|0x0000000087600000, 0x0000000087600000, 0x0000000087700000|  0%| F|  |TAMS 0x0000000087600000, 0x0000000087600000| Untracked 
|  23|0x0000000087700000, 0x0000000087700000, 0x0000000087800000|  0%| F|  |TAMS 0x0000000087700000, 0x0000000087700000| Untracked 
|  24|0x0000000087800000, 0x0000000087800000, 0x0000000087900000|  0%| F|  |TAMS 0x0000000087800000, 0x0000000087800000| Untracked 
|  25|0x0000000087900000, 0x0000000087900000, 0x0000000087a00000|  0%| F|  |TAMS 0x0000000087900000, 0x0000000087900000| Untracked 
|  26|0x0000000087a00000, 0x0000000087a00000, 0x0000000087b00000|  0%| F|  |TAMS 0x0000000087a00000, 0x0000000087a00000| Untracked 
|  27|0x0000000087b00000, 0x0000000087b00000, 0x0000000087c00000|  0%| F|  |TAMS 0x0000000087b00000, 0x0000000087b00000| Untracked 
|  28|0x0000000087c00000, 0x0000000087c00000, 0x0000000087d00000|  0%| F|  |TAMS 0x0000000087c00000, 0x0000000087c00000| Untracked 
|  29|0x0000000087d00000, 0x0000000087d00000, 0x0000000087e00000|  0%| F|  |TAMS 0x0000000087d00000, 0x0000000087d00000| Untracked 
|  30|0x0000000087e00000, 0x0000000087e00000, 0x0000000087f00000|  0%| F|  |TAMS 0x0000000087e00000, 0x0000000087e00000| Untracked 
|  31|0x0000000087f00000, 0x0000000087f00000, 0x0000000088000000|  0%| F|  |TAMS 0x0000000087f00000, 0x0000000087f00000| Untracked 
|  32|0x0000000088000000, 0x0000000088000000, 0x0000000088100000|  0%| F|  |TAMS 0x0000000088000000, 0x0000000088000000| Untracked 
|  33|0x0000000088100000, 0x0000000088100000, 0x0000000088200000|  0%| F|  |TAMS 0x0000000088100000, 0x0000000088100000| Untracked 
|  34|0x0000000088200000, 0x0000000088200000, 0x0000000088300000|  0%| F|  |TAMS 0x0000000088200000, 0x0000000088200000| Untracked 
|  35|0x0000000088300000, 0x0000000088300000, 0x0000000088400000|  0%| F|  |TAMS 0x0000000088300000, 0x0000000088300000| Untracked 
|  36|0x0000000088400000, 0x0000000088400000, 0x0000000088500000|  0%| F|  |TAMS 0x0000000088400000, 0x0000000088400000| Untracked 
|  37|0x0000000088500000, 0x0000000088500000, 0x0000000088600000|  0%| F|  |TAMS 0x0000000088500000, 0x0000000088500000| Untracked 
|  38|0x0000000088600000, 0x0000000088600000, 0x0000000088700000|  0%| F|  |TAMS 0x0000000088600000, 0x0000000088600000| Untracked 
|  39|0x0000000088700000, 0x0000000088700000, 0x0000000088800000|  0%| F|  |TAMS 0x0000000088700000, 0x0000000088700000| Untracked 
|  40|0x0000000088800000, 0x0000000088800000, 0x0000000088900000|  0%| F|  |TAMS 0x0000000088800000, 0x0000000088800000| Untracked 
|  41|0x0000000088900000, 0x0000000088900000, 0x0000000088a00000|  0%| F|  |TAMS 0x0000000088900000, 0x0000000088900000| Untracked 
|  42|0x0000000088a00000, 0x0000000088a00000, 0x0000000088b00000|  0%| F|  |TAMS 0x0000000088a00000, 0x0000000088a00000| Untracked 
|  43|0x0000000088b00000, 0x0000000088b00000, 0x0000000088c00000|  0%| F|  |TAMS 0x0000000088b00000, 0x0000000088b00000| Untracked 
|  44|0x0000000088c00000, 0x0000000088c00000, 0x0000000088d00000|  0%| F|  |TAMS 0x0000000088c00000, 0x0000000088c00000| Untracked 
|  45|0x0000000088d00000, 0x0000000088d00000, 0x0000000088e00000|  0%| F|  |TAMS 0x0000000088d00000, 0x0000000088d00000| Untracked 
|  46|0x0000000088e00000, 0x0000000088e00000, 0x0000000088f00000|  0%| F|  |TAMS 0x0000000088e00000, 0x0000000088e00000| Untracked 
|  47|0x0000000088f00000, 0x0000000088f00000, 0x0000000089000000|  0%| F|  |TAMS 0x0000000088f00000, 0x0000000088f00000| Untracked 
|  48|0x0000000089000000, 0x0000000089000000, 0x0000000089100000|  0%| F|  |TAMS 0x0000000089000000, 0x0000000089000000| Untracked 
|  49|0x0000000089100000, 0x0000000089100000, 0x0000000089200000|  0%| F|  |TAMS 0x0000000089100000, 0x0000000089100000| Untracked 
|  50|0x0000000089200000, 0x0000000089200000, 0x0000000089300000|  0%| F|  |TAMS 0x0000000089200000, 0x0000000089200000| Untracked 
|  51|0x0000000089300000, 0x0000000089300000, 0x0000000089400000|  0%| F|  |TAMS 0x0000000089300000, 0x0000000089300000| Untracked 
|  52|0x0000000089400000, 0x0000000089400000, 0x0000000089500000|  0%| F|  |TAMS 0x0000000089400000, 0x0000000089400000| Untracked 
|  53|0x0000000089500000, 0x0000000089500000, 0x0000000089600000|  0%| F|  |TAMS 0x0000000089500000, 0x0000000089500000| Untracked 
|  54|0x0000000089600000, 0x0000000089600000, 0x0000000089700000|  0%| F|  |TAMS 0x0000000089600000, 0x0000000089600000| Untracked 
|  55|0x0000000089700000, 0x0000000089700000, 0x0000000089800000|  0%| F|  |TAMS 0x0000000089700000, 0x0000000089700000| Untracked 
|  56|0x0000000089800000, 0x0000000089800000, 0x0000000089900000|  0%| F|  |TAMS 0x0000000089800000, 0x0000000089800000| Untracked 
|  57|0x0000000089900000, 0x0000000089900000, 0x0000000089a00000|  0%| F|  |TAMS 0x0000000089900000, 0x0000000089900000| Untracked 
|  58|0x0000000089a00000, 0x0000000089a00000, 0x0000000089b00000|  0%| F|  |TAMS 0x0000000089a00000, 0x0000000089a00000| Untracked 
|  59|0x0000000089b00000, 0x0000000089b00000, 0x0000000089c00000|  0%| F|  |TAMS 0x0000000089b00000, 0x0000000089b00000| Untracked 
|  60|0x0000000089c00000, 0x0000000089c00000, 0x0000000089d00000|  0%| F|  |TAMS 0x0000000089c00000, 0x0000000089c00000| Untracked 
|  61|0x0000000089d00000, 0x0000000089d00000, 0x0000000089e00000|  0%| F|  |TAMS 0x0000000089d00000, 0x0000000089d00000| Untracked 
|  62|0x0000000089e00000, 0x0000000089e00000, 0x0000000089f00000|  0%| F|  |TAMS 0x0000000089e00000, 0x0000000089e00000| Untracked 
|  63|0x0000000089f00000, 0x0000000089f00000, 0x000000008a000000|  0%| F|  |TAMS 0x0000000089f00000, 0x0000000089f00000| Untracked 
|  64|0x000000008a000000, 0x000000008a000000, 0x000000008a100000|  0%| F|  |TAMS 0x000000008a000000, 0x000000008a000000| Untracked 
|  65|0x000000008a100000, 0x000000008a100000, 0x000000008a200000|  0%| F|  |TAMS 0x000000008a100000, 0x000000008a100000| Untracked 
|  66|0x000000008a200000, 0x000000008a200000, 0x000000008a300000|  0%| F|  |TAMS 0x000000008a200000, 0x000000008a200000| Untracked 
|  67|0x000000008a300000, 0x000000008a300000, 0x000000008a400000|  0%| F|  |TAMS 0x000000008a300000, 0x000000008a300000| Untracked 
|  68|0x000000008a400000, 0x000000008a400000, 0x000000008a500000|  0%| F|  |TAMS 0x000000008a400000, 0x000000008a400000| Untracked 
|  69|0x000000008a500000, 0x000000008a500000, 0x000000008a600000|  0%| F|  |TAMS 0x000000008a500000, 0x000000008a500000| Untracked 
|  70|0x000000008a600000, 0x000000008a600000, 0x000000008a700000|  0%| F|  |TAMS 0x000000008a600000, 0x000000008a600000| Untracked 
|  71|0x000000008a700000, 0x000000008a700000, 0x000000008a800000|  0%| F|  |TAMS 0x000000008a700000, 0x000000008a700000| Untracked 
|  72|0x000000008a800000, 0x000000008a800000, 0x000000008a900000|  0%| F|  |TAMS 0x000000008a800000, 0x000000008a800000| Untracked 
|  73|0x000000008a900000, 0x000000008a900000, 0x000000008aa00000|  0%| F|  |TAMS 0x000000008a900000, 0x000000008a900000| Untracked 
|  74|0x000000008aa00000, 0x000000008aa00000, 0x000000008ab00000|  0%| F|  |TAMS 0x000000008aa00000, 0x000000008aa00000| Untracked 
|  75|0x000000008ab00000, 0x000000008ab00000, 0x000000008ac00000|  0%| F|  |TAMS 0x000000008ab00000, 0x000000008ab00000| Untracked 
|  76|0x000000008ac00000, 0x000000008ac00000, 0x000000008ad00000|  0%| F|  |TAMS 0x000000008ac00000, 0x000000008ac00000| Untracked 
|  77|0x000000008ad00000, 0x000000008ad00000, 0x000000008ae00000|  0%| F|  |TAMS 0x000000008ad00000, 0x000000008ad00000| Untracked 
|  78|0x000000008ae00000, 0x000000008ae00000, 0x000000008af00000|  0%| F|  |TAMS 0x000000008ae00000, 0x000000008ae00000| Untracked 
|  79|0x000000008af00000, 0x000000008af00000, 0x000000008b000000|  0%| F|  |TAMS 0x000000008af00000, 0x000000008af00000| Untracked 
|  80|0x000000008b000000, 0x000000008b000000, 0x000000008b100000|  0%| F|  |TAMS 0x000000008b000000, 0x000000008b000000| Untracked 
|  81|0x000000008b100000, 0x000000008b100000, 0x000000008b200000|  0%| F|  |TAMS 0x000000008b100000, 0x000000008b100000| Untracked 
|  82|0x000000008b200000, 0x000000008b200000, 0x000000008b300000|  0%| F|  |TAMS 0x000000008b200000, 0x000000008b200000| Untracked 
|  83|0x000000008b300000, 0x000000008b300000, 0x000000008b400000|  0%| F|  |TAMS 0x000000008b300000, 0x000000008b300000| Untracked 
|  84|0x000000008b400000, 0x000000008b400000, 0x000000008b500000|  0%| F|  |TAMS 0x000000008b400000, 0x000000008b400000| Untracked 
|  85|0x000000008b500000, 0x000000008b500000, 0x000000008b600000|  0%| F|  |TAMS 0x000000008b500000, 0x000000008b500000| Untracked 
|  86|0x000000008b600000, 0x000000008b600000, 0x000000008b700000|  0%| F|  |TAMS 0x000000008b600000, 0x000000008b600000| Untracked 
|  87|0x000000008b700000, 0x000000008b700000, 0x000000008b800000|  0%| F|  |TAMS 0x000000008b700000, 0x000000008b700000| Untracked 
|  88|0x000000008b800000, 0x000000008b800000, 0x000000008b900000|  0%| F|  |TAMS 0x000000008b800000, 0x000000008b800000| Untracked 
|  89|0x000000008b900000, 0x000000008b900000, 0x000000008ba00000|  0%| F|  |TAMS 0x000000008b900000, 0x000000008b900000| Untracked 
|  90|0x000000008ba00000, 0x000000008ba00000, 0x000000008bb00000|  0%| F|  |TAMS 0x000000008ba00000, 0x000000008ba00000| Untracked 
|  91|0x000000008bb00000, 0x000000008bb00000, 0x000000008bc00000|  0%| F|  |TAMS 0x000000008bb00000, 0x000000008bb00000| Untracked 
|  92|0x000000008bc00000, 0x000000008bc00000, 0x000000008bd00000|  0%| F|  |TAMS 0x000000008bc00000, 0x000000008bc00000| Untracked 
|  93|0x000000008bd00000, 0x000000008bd00000, 0x000000008be00000|  0%| F|  |TAMS 0x000000008bd00000, 0x000000008bd00000| Untracked 
|  94|0x000000008be00000, 0x000000008be00000, 0x000000008bf00000|  0%| F|  |TAMS 0x000000008be00000, 0x000000008be00000| Untracked 
|  95|0x000000008bf00000, 0x000000008bf00000, 0x000000008c000000|  0%| F|  |TAMS 0x000000008bf00000, 0x000000008bf00000| Untracked 
|  96|0x000000008c000000, 0x000000008c000000, 0x000000008c100000|  0%| F|  |TAMS 0x000000008c000000, 0x000000008c000000| Untracked 
|  97|0x000000008c100000, 0x000000008c100000, 0x000000008c200000|  0%| F|  |TAMS 0x000000008c100000, 0x000000008c100000| Untracked 
|  98|0x000000008c200000, 0x000000008c200000, 0x000000008c300000|  0%| F|  |TAMS 0x000000008c200000, 0x000000008c200000| Untracked 
|  99|0x000000008c300000, 0x000000008c300000, 0x000000008c400000|  0%| F|  |TAMS 0x000000008c300000, 0x000000008c300000| Untracked 
| 100|0x000000008c400000, 0x000000008c400000, 0x000000008c500000|  0%| F|  |TAMS 0x000000008c400000, 0x000000008c400000| Untracked 
| 101|0x000000008c500000, 0x000000008c500000, 0x000000008c600000|  0%| F|  |TAMS 0x000000008c500000, 0x000000008c500000| Untracked 
| 102|0x000000008c600000, 0x000000008c600000, 0x000000008c700000|  0%| F|  |TAMS 0x000000008c600000, 0x000000008c600000| Untracked 
| 103|0x000000008c700000, 0x000000008c700000, 0x000000008c800000|  0%| F|  |TAMS 0x000000008c700000, 0x000000008c700000| Untracked 
| 104|0x000000008c800000, 0x000000008c800000, 0x000000008c900000|  0%| F|  |TAMS 0x000000008c800000, 0x000000008c800000| Untracked 
| 105|0x000000008c900000, 0x000000008c900000, 0x000000008ca00000|  0%| F|  |TAMS 0x000000008c900000, 0x000000008c900000| Untracked 
| 106|0x000000008ca00000, 0x000000008ca00000, 0x000000008cb00000|  0%| F|  |TAMS 0x000000008ca00000, 0x000000008ca00000| Untracked 
| 107|0x000000008cb00000, 0x000000008cb00000, 0x000000008cc00000|  0%| F|  |TAMS 0x000000008cb00000, 0x000000008cb00000| Untracked 
| 108|0x000000008cc00000, 0x000000008cc00000, 0x000000008cd00000|  0%| F|  |TAMS 0x000000008cc00000, 0x000000008cc00000| Untracked 
| 109|0x000000008cd00000, 0x000000008cd00000, 0x000000008ce00000|  0%| F|  |TAMS 0x000000008cd00000, 0x000000008cd00000| Untracked 
| 110|0x000000008ce00000, 0x000000008ce00000, 0x000000008cf00000|  0%| F|  |TAMS 0x000000008ce00000, 0x000000008ce00000| Untracked 
| 111|0x000000008cf00000, 0x000000008cf00000, 0x000000008d000000|  0%| F|  |TAMS 0x000000008cf00000, 0x000000008cf00000| Untracked 
| 112|0x000000008d000000, 0x000000008d000000, 0x000000008d100000|  0%| F|  |TAMS 0x000000008d000000, 0x000000008d000000| Untracked 
| 113|0x000000008d100000, 0x000000008d100000, 0x000000008d200000|  0%| F|  |TAMS 0x000000008d100000, 0x000000008d100000| Untracked 
| 114|0x000000008d200000, 0x000000008d200000, 0x000000008d300000|  0%| F|  |TAMS 0x000000008d200000, 0x000000008d200000| Untracked 
| 115|0x000000008d300000, 0x000000008d37ba38, 0x000000008d400000| 48%| E|  |TAMS 0x000000008d300000, 0x000000008d300000| Complete 
| 116|0x000000008d400000, 0x000000008d500000, 0x000000008d500000|100%| E|CS|TAMS 0x000000008d400000, 0x000000008d400000| Complete 
| 117|0x000000008d500000, 0x000000008d600000, 0x000000008d600000|100%| E|  |TAMS 0x000000008d500000, 0x000000008d500000| Complete 
| 118|0x000000008d600000, 0x000000008d700000, 0x000000008d700000|100%| E|CS|TAMS 0x000000008d600000, 0x000000008d600000| Complete 
| 119|0x000000008d700000, 0x000000008d800000, 0x000000008d800000|100%| E|CS|TAMS 0x000000008d700000, 0x000000008d700000| Complete 
| 120|0x000000008d800000, 0x000000008d900000, 0x000000008d900000|100%| E|CS|TAMS 0x000000008d800000, 0x000000008d800000| Complete 
| 121|0x000000008d900000, 0x000000008da00000, 0x000000008da00000|100%| E|CS|TAMS 0x000000008d900000, 0x000000008d900000| Complete 

Card table byte_map: [0x00007fc0af16e000,0x00007fc0af53e000] _byte_map_base: 0x00007fc0aed3e000

Marking Bits (Prev, Next): (CMBitMap*) 0x00007fc0c806b6f8, (CMBitMap*) 0x00007fc0c806b730
 Prev Bits: [0x00007fc0acf1e000, 0x00007fc0aed9e000)
 Next Bits: [0x00007fc0a6180000, 0x00007fc0a8000000)

Polling page: 0x00007fc0ceb04000

Metaspace:

Usage:
  Non-class:      8.90 MB capacity,     8.84 MB (>99%) used,    51.51 KB ( <1%) free+waste,     9.12 KB ( <1%) overhead. 
      Class:    916.00 KB capacity,   858.41 KB ( 94%) used,    53.97 KB (  6%) free+waste,     3.62 KB ( <1%) overhead. 
       Both:      9.79 MB capacity,     9.68 MB ( 99%) used,   105.48 KB (  1%) free+waste,    12.75 KB ( <1%) overhead. 

Virtual space:
  Non-class space:       10.00 MB reserved,       9.00 MB ( 90%) committed 
      Class space:        1.00 GB reserved,       1.00 MB ( <1%) committed 
             Both:        1.01 GB reserved,      10.00 MB ( <1%) committed 

Chunk freelists:
   Non-Class:  39.00 KB
       Class:  12.00 KB
        Both:  51.00 KB

MaxMetaspaceSize: unlimited
CompressedClassSpaceSize: 1.00 GB
Initial GC threshold: 20.80 MB
Current GC threshold: 20.80 MB
CDS: off

CodeHeap 'non-profiled nmethods': size=120032Kb used=137Kb max_used=137Kb free=119894Kb
 bounds [0x00007fc0b76d9000, 0x00007fc0b7949000, 0x00007fc0bec11000]
CodeHeap 'profiled nmethods': size=120028Kb used=611Kb max_used=611Kb free=119416Kb
 bounds [0x00007fc0b01a2000, 0x00007fc0b0412000, 0x00007fc0b76d9000]
CodeHeap 'non-nmethods': size=5700Kb used=1178Kb max_used=1191Kb free=4521Kb
 bounds [0x00007fc0afc11000, 0x00007fc0afe81000, 0x00007fc0b01a2000]
 total_blobs=820 nmethods=455 adapters=287
 compilation: enabled
              stopped_count=0, restarted_count=0
 full_count=0

Compilation events (20 events):
Event: 355.815 Thread 0x00007fc0c81ee800 nmethod 446 0x00007fc0b0237090 code [0x00007fc0b0237280, 0x00007fc0b02375e0]
Event: 355.815 Thread 0x00007fc0c81ee800  447       3       org.eclipse.jdt.launching.internal.org.objectweb.asm.ByteVector::putShort (52 bytes)
Event: 355.818 Thread 0x00007fc0c81ee800 nmethod 447 0x00007fc0b0237810 code [0x00007fc0b02379e0, 0x00007fc0b0237be0]
Event: 355.827 Thread 0x00007fc0c81ec800 nmethod 445 0x00007fc0b76fa490 code [0x00007fc0b76fa620, 0x00007fc0b76faa58]
Event: 400.841 Thread 0x00007fc0c81ec800  448       4       org.eclipse.jdt.launching.internal.org.objectweb.asm.ClassReader::readUtf (161 bytes)
Event: 400.841 Thread 0x00007fc0c81ee800  449       3       org.eclipse.jdt.launching.internal.org.objectweb.asm.ClassReader::readClass (7 bytes)
Event: 400.844 Thread 0x00007fc0c81ee800 nmethod 449 0x00007fc0b0237d90 code [0x00007fc0b0237f80, 0x00007fc0b0238400]
Event: 400.844 Thread 0x00007fc0c81ee800  450       3       org.eclipse.jdt.launching.internal.org.objectweb.asm.ClassReader::readStringish (16 bytes)
Event: 400.845 Thread 0x00007fc0c81ee800 nmethod 450 0x00007fc0b0238690 code [0x00007fc0b0238880, 0x00007fc0b0238ca0]
Event: 400.853 Thread 0x00007fc0c81ec800 nmethod 448 0x00007fc0b76fab90 code [0x00007fc0b76fad60, 0x00007fc0b76fb258]
Event: 516.907 Thread 0x00007fc0c81ee800  451       3       org.eclipse.jdt.launching.internal.org.objectweb.asm.SymbolTable::addConstantMemberReference (29 bytes)
Event: 516.910 Thread 0x00007fc0c81ee800 nmethod 451 0x00007fc0b0238f10 code [0x00007fc0b0239120, 0x00007fc0b0239520]
Event: 516.910 Thread 0x00007fc0c81ee800  452       3       org.eclipse.jdt.launching.internal.org.objectweb.asm.SymbolTable::hash (20 bytes)
Event: 516.911 Thread 0x00007fc0c81ee800 nmethod 452 0x00007fc0b0239890 code [0x00007fc0b0239a60, 0x00007fc0b0239c20]
Event: 555.608 Thread 0x00007fc0c81ee800  453       3       org.eclipse.jdt.launching.internal.org.objectweb.asm.SymbolTable::addConstantNameAndType (28 bytes)
Event: 555.611 Thread 0x00007fc0c81ee800 nmethod 453 0x00007fc0b0239d90 code [0x00007fc0b0239f80, 0x00007fc0b023a330]
Event: 555.611 Thread 0x00007fc0c81ee800  454       3       org.eclipse.jdt.launching.internal.org.objectweb.asm.SymbolTable::hash (15 bytes)
Event: 555.611 Thread 0x00007fc0c81ee800 nmethod 454 0x00007fc0b023a590 code [0x00007fc0b023a760, 0x00007fc0b023a8d0]
Event: 677.480 Thread 0x00007fc0c81ee800  455       3       org.eclipse.jdt.launching.internal.org.objectweb.asm.SymbolTable::get (13 bytes)
Event: 677.483 Thread 0x00007fc0c81ee800 nmethod 455 0x00007fc0b023aa10 code [0x00007fc0b023abc0, 0x00007fc0b023ad10]

GC Heap History (0 events):
No events

Deoptimization events (20 events):
Event: 0.819 Thread 0x00007fc0c8029000 DEOPT PACKING pc=0x00007fc0b0212d14 sp=0x00007fc0ccf145a0
Event: 0.819 Thread 0x00007fc0c8029000 DEOPT UNPACKING pc=0x00007fc0afc5b64a sp=0x00007fc0ccf13a28 mode 0
Event: 0.819 Thread 0x00007fc0c8029000 DEOPT PACKING pc=0x00007fc0b0212d14 sp=0x00007fc0ccf145a0
Event: 0.819 Thread 0x00007fc0c8029000 DEOPT UNPACKING pc=0x00007fc0afc5b64a sp=0x00007fc0ccf13a28 mode 0
Event: 0.822 Thread 0x00007fc0c8029000 DEOPT PACKING pc=0x00007fc0b0212d14 sp=0x00007fc0ccf13220
Event: 0.822 Thread 0x00007fc0c8029000 DEOPT UNPACKING pc=0x00007fc0afc5b64a sp=0x00007fc0ccf126a8 mode 0
Event: 0.885 Thread 0x00007fc0c8029000 DEOPT PACKING pc=0x00007fc0b01ef415 sp=0x00007fc0ccf139f0
Event: 0.885 Thread 0x00007fc0c8029000 DEOPT UNPACKING pc=0x00007fc0afc5b64a sp=0x00007fc0ccf12ea8 mode 0
Event: 0.903 Thread 0x00007fc0c8029000 Uncommon trap: trap_request=0xffffff4d fr.pc=0x00007fc0b76e113c relative=0x000000000000019c
Event: 0.903 Thread 0x00007fc0c8029000 Uncommon trap: reason=unstable_if action=reinterpret pc=0x00007fc0b76e113c method=java.lang.String.isLatin1()Z @ 10 c2
Event: 0.903 Thread 0x00007fc0c8029000 DEOPT PACKING pc=0x00007fc0b76e113c sp=0x00007fc0ccf12660
Event: 0.903 Thread 0x00007fc0c8029000 DEOPT UNPACKING pc=0x00007fc0afc5aea5 sp=0x00007fc0ccf125b8 mode 2
Event: 0.903 Thread 0x00007fc0c8029000 Uncommon trap: trap_request=0xffffff4d fr.pc=0x00007fc0b76de7fc relative=0x000000000000005c
Event: 0.903 Thread 0x00007fc0c8029000 Uncommon trap: reason=unstable_if action=reinterpret pc=0x00007fc0b76de7fc method=java.lang.String.isLatin1()Z @ 10 c2
Event: 0.903 Thread 0x00007fc0c8029000 DEOPT PACKING pc=0x00007fc0b76de7fc sp=0x00007fc0ccf125f0
Event: 0.903 Thread 0x00007fc0c8029000 DEOPT UNPACKING pc=0x00007fc0afc5aea5 sp=0x00007fc0ccf125b0 mode 2
Event: 0.907 Thread 0x00007fc0c8029000 Uncommon trap: trap_request=0xffffff4d fr.pc=0x00007fc0b76e7010 relative=0x0000000000000070
Event: 0.907 Thread 0x00007fc0c8029000 Uncommon trap: reason=unstable_if action=reinterpret pc=0x00007fc0b76e7010 method=java.lang.String.isLatin1()Z @ 10 c2
Event: 0.907 Thread 0x00007fc0c8029000 DEOPT PACKING pc=0x00007fc0b76e7010 sp=0x00007fc0ccf172a0
Event: 0.907 Thread 0x00007fc0c8029000 DEOPT UNPACKING pc=0x00007fc0afc5aea5 sp=0x00007fc0ccf17210 mode 2

Classes redefined (17 events):
Event: 68.244 Thread 0x00007fc0c81c7000 redefined class name=com.coderscampus.UserLoginApplication, count=1
Event: 209.711 Thread 0x00007fc0c81c7000 redefined class name=com.coderscampus.UserLoginApplication, count=2
Event: 264.817 Thread 0x00007fc0c81c7000 redefined class name=com.coderscampus.UserLoginApplication, count=3
Event: 336.881 Thread 0x00007fc0c81c7000 redefined class name=com.coderscampus.UserLoginApplication, count=4
Event: 355.817 Thread 0x00007fc0c81c7000 redefined class name=com.coderscampus.UserLoginApplication, count=5
Event: 381.547 Thread 0x00007fc0c81c7000 redefined class name=com.coderscampus.UserLoginApplication, count=6
Event: 400.844 Thread 0x00007fc0c81c7000 redefined class name=com.coderscampus.UserLoginApplication, count=7
Event: 430.964 Thread 0x00007fc0c81c7000 redefined class name=com.coderscampus.UserLoginApplication, count=8
Event: 516.910 Thread 0x00007fc0c81c7000 redefined class name=com.coderscampus.UserLoginApplication, count=9
Event: 555.610 Thread 0x00007fc0c81c7000 redefined class name=com.coderscampus.UserLoginApplication, count=10
Event: 630.454 Thread 0x00007fc0c81c7000 redefined class name=com.coderscampus.UserLoginApplication, count=11
Event: 649.255 Thread 0x00007fc0c81c7000 redefined class name=com.coderscampus.UserLoginApplication, count=12
Event: 677.482 Thread 0x00007fc0c81c7000 redefined class name=com.coderscampus.UserLoginApplication, count=13
Event: 698.647 Thread 0x00007fc0c81c7000 redefined class name=com.coderscampus.UserLoginApplication, count=14
Event: 732.097 Thread 0x00007fc0c81c7000 redefined class name=com.coderscampus.UserLoginApplication, count=15
Event: 737.730 Thread 0x00007fc0c81c7000 redefined class name=com.coderscampus.UserLoginApplication, count=16
Event: 746.901 Thread 0x00007fc0c81c7000 redefined class name=com.coderscampus.UserLoginApplication, count=17

Internal exceptions (0 events):
No events

Events (20 events):
Event: 737.748 Executing VM operation: GetStackTrace done
Event: 737.820 Executing VM operation: GetFrameCount
Event: 737.820 Executing VM operation: GetFrameCount done
Event: 737.820 Executing VM operation: GetOwnedMonitorInfo
Event: 737.820 Executing VM operation: GetOwnedMonitorInfo done
Event: 737.820 Executing VM operation: GetCurrentContendedMonitor
Event: 737.820 Executing VM operation: GetCurrentContendedMonitor done
Event: 746.900 Executing VM operation: RedefineClasses
Event: 746.902 Executing VM operation: RedefineClasses done
Event: 746.912 Executing VM operation: GetFrameCount
Event: 746.912 Executing VM operation: GetFrameCount done
Event: 746.912 Executing VM operation: GetStackTrace
Event: 746.912 Executing VM operation: GetStackTrace done
Event: 747.174 Executing VM operation: GetFrameCount
Event: 747.174 Executing VM operation: GetFrameCount done
Event: 747.174 Executing VM operation: GetOwnedMonitorInfo
Event: 747.174 Executing VM operation: GetOwnedMonitorInfo done
Event: 747.174 Executing VM operation: GetCurrentContendedMonitor
Event: 747.174 Executing VM operation: GetCurrentContendedMonitor done
Event: 776.935 Executing VM operation: GetOrSetLocal


Dynamic libraries:
86000000-8da00000 rw-p 00000000 00:00 0 
8da00000-100000000 ---p 00000000 00:00 0 
100000000-100100000 rw-p 00000000 00:00 0 
100100000-140000000 ---p 00000000 00:00 0 
563b2da00000-563b2da01000 r-xp 00000000 103:05 1182733                   /usr/lib/jvm/java-11-amazon-corretto/bin/java
563b2dc01000-563b2dc02000 r--p 00001000 103:05 1182733                   /usr/lib/jvm/java-11-amazon-corretto/bin/java
563b2dc02000-563b2dc03000 rw-p 00002000 103:05 1182733                   /usr/lib/jvm/java-11-amazon-corretto/bin/java
563b2e590000-563b2e5b1000 rw-p 00000000 00:00 0                          [heap]
7fc05c000000-7fc05c021000 rw-p 00000000 00:00 0 
7fc05c021000-7fc060000000 ---p 00000000 00:00 0 
7fc060000000-7fc060021000 rw-p 00000000 00:00 0 
7fc060021000-7fc064000000 ---p 00000000 00:00 0 
7fc064000000-7fc064071000 rw-p 00000000 00:00 0 
7fc064071000-7fc068000000 ---p 00000000 00:00 0 
7fc068000000-7fc068066000 rw-p 00000000 00:00 0 
7fc068066000-7fc06c000000 ---p 00000000 00:00 0 
7fc06c000000-7fc06c021000 rw-p 00000000 00:00 0 
7fc06c021000-7fc070000000 ---p 00000000 00:00 0 
7fc070000000-7fc070021000 rw-p 00000000 00:00 0 
7fc070021000-7fc074000000 ---p 00000000 00:00 0 
7fc074000000-7fc074231000 rw-p 00000000 00:00 0 
7fc074231000-7fc078000000 ---p 00000000 00:00 0 
7fc078000000-7fc078193000 rw-p 00000000 00:00 0 
7fc078193000-7fc07c000000 ---p 00000000 00:00 0 
7fc07c000000-7fc07c021000 rw-p 00000000 00:00 0 
7fc07c021000-7fc080000000 ---p 00000000 00:00 0 
7fc080000000-7fc080021000 rw-p 00000000 00:00 0 
7fc080021000-7fc084000000 ---p 00000000 00:00 0 
7fc084000000-7fc084021000 rw-p 00000000 00:00 0 
7fc084021000-7fc088000000 ---p 00000000 00:00 0 
7fc088000000-7fc088021000 rw-p 00000000 00:00 0 
7fc088021000-7fc08c000000 ---p 00000000 00:00 0 
7fc08c000000-7fc08c021000 rw-p 00000000 00:00 0 
7fc08c021000-7fc090000000 ---p 00000000 00:00 0 
7fc090000000-7fc090021000 rw-p 00000000 00:00 0 
7fc090021000-7fc094000000 ---p 00000000 00:00 0 
7fc095a42000-7fc095f00000 rw-p 00000000 00:00 0 
7fc095f00000-7fc096000000 ---p 00000000 00:00 0 
7fc096000000-7fc096015000 r-xp 00000000 103:05 1182687                   /usr/lib/jvm/java-11-amazon-corretto/lib/libnet.so
7fc096015000-7fc096215000 ---p 00015000 103:05 1182687                   /usr/lib/jvm/java-11-amazon-corretto/lib/libnet.so
7fc096215000-7fc096216000 r--p 00015000 103:05 1182687                   /usr/lib/jvm/java-11-amazon-corretto/lib/libnet.so
7fc096216000-7fc096217000 rw-p 00016000 103:05 1182687                   /usr/lib/jvm/java-11-amazon-corretto/lib/libnet.so
7fc0962fe000-7fc0962ff000 ---p 00000000 00:00 0 
7fc0962ff000-7fc096400000 rw-p 00000000 00:00 0 
7fc096400000-7fc096410000 r-xp 00000000 103:05 1182688                   /usr/lib/jvm/java-11-amazon-corretto/lib/libnio.so
7fc096410000-7fc096610000 ---p 00010000 103:05 1182688                   /usr/lib/jvm/java-11-amazon-corretto/lib/libnio.so
7fc096610000-7fc096611000 r--p 00010000 103:05 1182688                   /usr/lib/jvm/java-11-amazon-corretto/lib/libnio.so
7fc096611000-7fc096612000 rw-p 00011000 103:05 1182688                   /usr/lib/jvm/java-11-amazon-corretto/lib/libnio.so
7fc096700000-7fc096704000 ---p 00000000 00:00 0 
7fc096704000-7fc096800000 rw-p 00000000 00:00 0 
7fc096800000-7fc096804000 ---p 00000000 00:00 0 
7fc096804000-7fc096900000 rw-p 00000000 00:00 0 
7fc096900000-7fc096904000 ---p 00000000 00:00 0 
7fc096904000-7fc096a00000 rw-p 00000000 00:00 0 
7fc096a00000-7fc096a04000 r-xp 00000000 103:05 1182698                   /usr/lib/jvm/java-11-amazon-corretto/lib/libdt_socket.so
7fc096a04000-7fc096c04000 ---p 00004000 103:05 1182698                   /usr/lib/jvm/java-11-amazon-corretto/lib/libdt_socket.so
7fc096c04000-7fc096c05000 r--p 00004000 103:05 1182698                   /usr/lib/jvm/java-11-amazon-corretto/lib/libdt_socket.so
7fc096c05000-7fc096c06000 rw-p 00005000 103:05 1182698                   /usr/lib/jvm/java-11-amazon-corretto/lib/libdt_socket.so
7fc096c8d000-7fc096c91000 ---p 00000000 00:00 0 
7fc096c91000-7fc096d8d000 rw-p 00000000 00:00 0 
7fc096d8d000-7fc096d91000 ---p 00000000 00:00 0 
7fc096d91000-7fc096e8d000 rw-p 00000000 00:00 0 
7fc096e8d000-7fc096e91000 ---p 00000000 00:00 0 
7fc096e91000-7fc096f8d000 rw-p 00000000 00:00 0 
7fc096f8d000-7fc096f91000 ---p 00000000 00:00 0 
7fc096f91000-7fc09708d000 rw-p 00000000 00:00 0 
7fc09708d000-7fc097091000 ---p 00000000 00:00 0 
7fc097091000-7fc09718d000 rw-p 00000000 00:00 0 
7fc09718d000-7fc097191000 ---p 00000000 00:00 0 
7fc097191000-7fc09728d000 rw-p 00000000 00:00 0 
7fc09728d000-7fc097800000 r--p 00000000 103:05 1049823                   /usr/lib/locale/locale-archive
7fc097800000-7fc098000000 rw-p 00000000 00:00 0 
7fc098000000-7fc098021000 rw-p 00000000 00:00 0 
7fc098021000-7fc09c000000 ---p 00000000 00:00 0 
7fc09c000000-7fc09c021000 rw-p 00000000 00:00 0 
7fc09c021000-7fc0a0000000 ---p 00000000 00:00 0 
7fc0a0000000-7fc0a0021000 rw-p 00000000 00:00 0 
7fc0a0021000-7fc0a4000000 ---p 00000000 00:00 0 
7fc0a4080000-7fc0a4084000 ---p 00000000 00:00 0 
7fc0a4084000-7fc0a6368000 rw-p 00000000 00:00 0 
7fc0a6368000-7fc0a8000000 ---p 00000000 00:00 0 
7fc0a8000000-7fc0a8021000 rw-p 00000000 00:00 0 
7fc0a8021000-7fc0ac000000 ---p 00000000 00:00 0 
7fc0ac00c000-7fc0ac010000 ---p 00000000 00:00 0 
7fc0ac010000-7fc0ac10c000 rw-p 00000000 00:00 0 
7fc0ac10c000-7fc0ac110000 ---p 00000000 00:00 0 
7fc0ac110000-7fc0ac20c000 rw-p 00000000 00:00 0 
7fc0ac20c000-7fc0ac20d000 ---p 00000000 00:00 0 
7fc0ac20d000-7fc0ac30e000 rw-p 00000000 00:00 0 
7fc0ac30e000-7fc0ac30f000 ---p 00000000 00:00 0 
7fc0ac30f000-7fc0ac410000 rw-p 00000000 00:00 0 
7fc0ac410000-7fc0ac411000 ---p 00000000 00:00 0 
7fc0ac411000-7fc0acd1a000 rw-p 00000000 00:00 0 
7fc0acd1a000-7fc0acd1b000 ---p 00000000 00:00 0 
7fc0acd1b000-7fc0ace1c000 rw-p 00000000 00:00 0 
7fc0ace1c000-7fc0ace1d000 ---p 00000000 00:00 0 
7fc0ace1d000-7fc0ad106000 rw-p 00000000 00:00 0 
7fc0ad106000-7fc0aed9e000 ---p 00000000 00:00 0 
7fc0aed9e000-7fc0aeddb000 rw-p 00000000 00:00 0 
7fc0aeddb000-7fc0af16e000 ---p 00000000 00:00 0 
7fc0af16e000-7fc0af1ab000 rw-p 00000000 00:00 0 
7fc0af1ab000-7fc0af53e000 ---p 00000000 00:00 0 
7fc0af53e000-7fc0af57b000 rw-p 00000000 00:00 0 
7fc0af57b000-7fc0af90e000 ---p 00000000 00:00 0 
7fc0af90e000-7fc0afc11000 rw-p 00000000 00:00 0 
7fc0afc11000-7fc0afe81000 rwxp 00000000 00:00 0 
7fc0afe81000-7fc0b01a2000 ---p 00000000 00:00 0 
7fc0b01a2000-7fc0b0412000 rwxp 00000000 00:00 0 
7fc0b0412000-7fc0b76d9000 ---p 00000000 00:00 0 
7fc0b76d9000-7fc0b7949000 rwxp 00000000 00:00 0 
7fc0b7949000-7fc0bec11000 ---p 00000000 00:00 0 
7fc0bec11000-7fc0c7400000 r--s 00000000 103:05 1182650                   /usr/lib/jvm/java-11-amazon-corretto/lib/modules
7fc0c7400000-7fc0c741a000 r-xp 00000000 103:05 1182685                   /usr/lib/jvm/java-11-amazon-corretto/lib/libzip.so
7fc0c741a000-7fc0c761a000 ---p 0001a000 103:05 1182685                   /usr/lib/jvm/java-11-amazon-corretto/lib/libzip.so
7fc0c761a000-7fc0c761b000 r--p 0001a000 103:05 1182685                   /usr/lib/jvm/java-11-amazon-corretto/lib/libzip.so
7fc0c761b000-7fc0c761c000 rw-p 00000000 00:00 0 
7fc0c76ff000-7fc0c7800000 rw-p 00000000 00:00 0 
7fc0c7800000-7fc0c780a000 r-xp 00000000 103:05 1182669                   /usr/lib/jvm/java-11-amazon-corretto/lib/libinstrument.so
7fc0c780a000-7fc0c7a09000 ---p 0000a000 103:05 1182669                   /usr/lib/jvm/java-11-amazon-corretto/lib/libinstrument.so
7fc0c7a09000-7fc0c7a0a000 r--p 00009000 103:05 1182669                   /usr/lib/jvm/java-11-amazon-corretto/lib/libinstrument.so
7fc0c7a0a000-7fc0c7a0b000 rw-p 0000a000 103:05 1182669                   /usr/lib/jvm/java-11-amazon-corretto/lib/libinstrument.so
7fc0c7aff000-7fc0c7c00000 rw-p 00000000 00:00 0 
7fc0c7c00000-7fc0c7c3c000 r-xp 00000000 103:05 1182699                   /usr/lib/jvm/java-11-amazon-corretto/lib/libjdwp.so
7fc0c7c3c000-7fc0c7e3b000 ---p 0003c000 103:05 1182699                   /usr/lib/jvm/java-11-amazon-corretto/lib/libjdwp.so
7fc0c7e3b000-7fc0c7e3c000 r--p 0003b000 103:05 1182699                   /usr/lib/jvm/java-11-amazon-corretto/lib/libjdwp.so
7fc0c7e3c000-7fc0c7e3d000 rw-p 0003c000 103:05 1182699                   /usr/lib/jvm/java-11-amazon-corretto/lib/libjdwp.so
7fc0c7eff000-7fc0c8000000 rw-p 00000000 00:00 0 
7fc0c8000000-7fc0c84ac000 rw-p 00000000 00:00 0 
7fc0c84ac000-7fc0cc000000 ---p 00000000 00:00 0 
7fc0cc0fc000-7fc0cc2fe000 rw-p 00000000 00:00 0 
7fc0cc2fe000-7fc0cc2ff000 ---p 00000000 00:00 0 
7fc0cc2ff000-7fc0cc400000 rw-p 00000000 00:00 0 
7fc0cc400000-7fc0cc41b000 r-xp 00000000 103:05 1182686                   /usr/lib/jvm/java-11-amazon-corretto/lib/libjimage.so
7fc0cc41b000-7fc0cc61a000 ---p 0001b000 103:05 1182686                   /usr/lib/jvm/java-11-amazon-corretto/lib/libjimage.so
7fc0cc61a000-7fc0cc61c000 r--p 0001a000 103:05 1182686                   /usr/lib/jvm/java-11-amazon-corretto/lib/libjimage.so
7fc0cc61c000-7fc0cc61d000 rw-p 0001c000 103:05 1182686                   /usr/lib/jvm/java-11-amazon-corretto/lib/libjimage.so
7fc0cc715000-7fc0cc71a000 rw-p 00000000 00:00 0 
7fc0cc71a000-7fc0cc800000 ---p 00000000 00:00 0 
7fc0cc800000-7fc0cc82a000 r-xp 00000000 103:05 1182683                   /usr/lib/jvm/java-11-amazon-corretto/lib/libjava.so
7fc0cc82a000-7fc0cca29000 ---p 0002a000 103:05 1182683                   /usr/lib/jvm/java-11-amazon-corretto/lib/libjava.so
7fc0cca29000-7fc0cca2a000 r--p 00029000 103:05 1182683                   /usr/lib/jvm/java-11-amazon-corretto/lib/libjava.so
7fc0cca2a000-7fc0cca2b000 rw-p 0002a000 103:05 1182683                   /usr/lib/jvm/java-11-amazon-corretto/lib/libjava.so
7fc0cca2b000-7fc0cca2c000 rw-p 00000000 00:00 0 
7fc0cca39000-7fc0ccb1a000 rw-p 00000000 00:00 0 
7fc0ccb1a000-7fc0ccc00000 ---p 00000000 00:00 0 
7fc0ccc00000-7fc0ccc0d000 r-xp 00000000 103:05 1182682                   /usr/lib/jvm/java-11-amazon-corretto/lib/libverify.so
7fc0ccc0d000-7fc0cce0c000 ---p 0000d000 103:05 1182682                   /usr/lib/jvm/java-11-amazon-corretto/lib/libverify.so
7fc0cce0c000-7fc0cce0e000 r--p 0000c000 103:05 1182682                   /usr/lib/jvm/java-11-amazon-corretto/lib/libverify.so
7fc0cce0e000-7fc0cce0f000 rw-p 00000000 00:00 0 
7fc0cce19000-7fc0cce1d000 ---p 00000000 00:00 0 
7fc0cce1d000-7fc0ccf19000 rw-p 00000000 00:00 0 
7fc0ccf19000-7fc0ccf27000 r--p 00000000 103:05 1054780                   /usr/lib/x86_64-linux-gnu/libm.so.6
7fc0ccf27000-7fc0ccfa3000 r-xp 0000e000 103:05 1054780                   /usr/lib/x86_64-linux-gnu/libm.so.6
7fc0ccfa3000-7fc0ccffe000 r--p 0008a000 103:05 1054780                   /usr/lib/x86_64-linux-gnu/libm.so.6
7fc0ccffe000-7fc0ccfff000 r--p 000e4000 103:05 1054780                   /usr/lib/x86_64-linux-gnu/libm.so.6
7fc0ccfff000-7fc0cd000000 rw-p 000e5000 103:05 1054780                   /usr/lib/x86_64-linux-gnu/libm.so.6
7fc0cd000000-7fc0ce276000 r-xp 00000000 103:05 1182677                   /usr/lib/jvm/java-11-amazon-corretto/lib/server/libjvm.so
7fc0ce276000-7fc0ce476000 ---p 01276000 103:05 1182677                   /usr/lib/jvm/java-11-amazon-corretto/lib/server/libjvm.so
7fc0ce476000-7fc0ce53b000 r--p 01276000 103:05 1182677                   /usr/lib/jvm/java-11-amazon-corretto/lib/server/libjvm.so
7fc0ce53b000-7fc0ce576000 rw-p 0133b000 103:05 1182677                   /usr/lib/jvm/java-11-amazon-corretto/lib/server/libjvm.so
7fc0ce576000-7fc0ce5ce000 rw-p 00000000 00:00 0 
7fc0ce5d8000-7fc0ce600000 r--p 00000000 103:05 1054775                   /usr/lib/x86_64-linux-gnu/libc.so.6
7fc0ce600000-7fc0ce795000 r-xp 00028000 103:05 1054775                   /usr/lib/x86_64-linux-gnu/libc.so.6
7fc0ce795000-7fc0ce7ed000 r--p 001bd000 103:05 1054775                   /usr/lib/x86_64-linux-gnu/libc.so.6
7fc0ce7ed000-7fc0ce7f1000 r--p 00214000 103:05 1054775                   /usr/lib/x86_64-linux-gnu/libc.so.6
7fc0ce7f1000-7fc0ce7f3000 rw-p 00218000 103:05 1054775                   /usr/lib/x86_64-linux-gnu/libc.so.6
7fc0ce7f3000-7fc0ce800000 rw-p 00000000 00:00 0 
7fc0ce800000-7fc0ce81a000 r-xp 00000000 103:05 1182681                   /usr/lib/jvm/java-11-amazon-corretto/lib/jli/libjli.so
7fc0ce81a000-7fc0cea19000 ---p 0001a000 103:05 1182681                   /usr/lib/jvm/java-11-amazon-corretto/lib/jli/libjli.so
7fc0cea19000-7fc0cea1a000 r--p 00019000 103:05 1182681                   /usr/lib/jvm/java-11-amazon-corretto/lib/jli/libjli.so
7fc0cea1a000-7fc0cea1b000 rw-p 0001a000 103:05 1182681                   /usr/lib/jvm/java-11-amazon-corretto/lib/jli/libjli.so
7fc0cea59000-7fc0ceadc000 rw-p 00000000 00:00 0 
7fc0ceadc000-7fc0ceae3000 ---p 00000000 00:00 0 
7fc0ceae3000-7fc0ceae4000 r--p 00000000 103:05 1054800                   /usr/lib/x86_64-linux-gnu/librt.so.1
7fc0ceae4000-7fc0ceae5000 r-xp 00001000 103:05 1054800                   /usr/lib/x86_64-linux-gnu/librt.so.1
7fc0ceae5000-7fc0ceae6000 r--p 00002000 103:05 1054800                   /usr/lib/x86_64-linux-gnu/librt.so.1
7fc0ceae6000-7fc0ceae7000 r--p 00002000 103:05 1054800                   /usr/lib/x86_64-linux-gnu/librt.so.1
7fc0ceae7000-7fc0ceae8000 rw-p 00003000 103:05 1054800                   /usr/lib/x86_64-linux-gnu/librt.so.1
7fc0ceae8000-7fc0ceaea000 rw-p 00000000 00:00 0 
7fc0ceaea000-7fc0ceaeb000 r--p 00000000 103:05 1054778                   /usr/lib/x86_64-linux-gnu/libdl.so.2
7fc0ceaeb000-7fc0ceaec000 r-xp 00001000 103:05 1054778                   /usr/lib/x86_64-linux-gnu/libdl.so.2
7fc0ceaec000-7fc0ceaed000 r--p 00002000 103:05 1054778                   /usr/lib/x86_64-linux-gnu/libdl.so.2
7fc0ceaed000-7fc0ceaee000 r--p 00002000 103:05 1054778                   /usr/lib/x86_64-linux-gnu/libdl.so.2
7fc0ceaee000-7fc0ceaef000 rw-p 00003000 103:05 1054778                   /usr/lib/x86_64-linux-gnu/libdl.so.2
7fc0ceaef000-7fc0ceaf0000 r--p 00000000 103:05 1054796                   /usr/lib/x86_64-linux-gnu/libpthread.so.0
7fc0ceaf0000-7fc0ceaf1000 r-xp 00001000 103:05 1054796                   /usr/lib/x86_64-linux-gnu/libpthread.so.0
7fc0ceaf1000-7fc0ceaf2000 r--p 00002000 103:05 1054796                   /usr/lib/x86_64-linux-gnu/libpthread.so.0
7fc0ceaf2000-7fc0ceaf3000 r--p 00002000 103:05 1054796                   /usr/lib/x86_64-linux-gnu/libpthread.so.0
7fc0ceaf3000-7fc0ceaf4000 rw-p 00003000 103:05 1054796                   /usr/lib/x86_64-linux-gnu/libpthread.so.0
7fc0ceaf5000-7fc0ceafc000 r--s 00000000 103:05 1578020                   /usr/lib/x86_64-linux-gnu/gconv/gconv-modules.cache
7fc0ceafc000-7fc0ceb04000 rw-s 00000000 103:05 921700                    /tmp/hsperfdata_john/33808
7fc0ceb04000-7fc0ceb05000 ---p 00000000 00:00 0 
7fc0ceb05000-7fc0ceb06000 r--p 00000000 00:00 0 
7fc0ceb06000-7fc0ceb08000 rw-p 00000000 00:00 0 
7fc0ceb08000-7fc0ceb0a000 r--p 00000000 103:05 1049859                   /usr/lib/x86_64-linux-gnu/ld-linux-x86-64.so.2
7fc0ceb0a000-7fc0ceb34000 r-xp 00002000 103:05 1049859                   /usr/lib/x86_64-linux-gnu/ld-linux-x86-64.so.2
7fc0ceb34000-7fc0ceb3f000 r--p 0002c000 103:05 1049859                   /usr/lib/x86_64-linux-gnu/ld-linux-x86-64.so.2
7fc0ceb40000-7fc0ceb42000 r--p 00037000 103:05 1049859                   /usr/lib/x86_64-linux-gnu/ld-linux-x86-64.so.2
7fc0ceb42000-7fc0ceb44000 rw-p 00039000 103:05 1049859                   /usr/lib/x86_64-linux-gnu/ld-linux-x86-64.so.2
7ffe5f04d000-7ffe5f06e000 rw-p 00000000 00:00 0                          [stack]
7ffe5f1a5000-7ffe5f1a9000 r--p 00000000 00:00 0                          [vvar]
7ffe5f1a9000-7ffe5f1ab000 r-xp 00000000 00:00 0                          [vdso]
ffffffffff600000-ffffffffff601000 --xp 00000000 00:00 0                  [vsyscall]


VM Arguments:
jvm_args: -agentlib:jdwp=transport=dt_socket,suspend=y,address=localhost:42071 -javaagent:/home/john/eclipse/jee-2022-06/eclipse/configuration/org.eclipse.osgi/401/0/.cp/lib/javaagent-shaded.jar -Dfile.encoding=UTF-8 
java_command: com.coderscampus.UserLoginApplication
java_class_path (initial): /home/john/git/ogulcan-assignment-3/bin
Launcher Type: SUN_STANDARD

[Global flags]
     intx CICompilerCount                          = 4                                         {product} {ergonomic}
     uint ConcGCThreads                            = 2                                         {product} {ergonomic}
     uint G1ConcRefinementThreads                  = 8                                         {product} {ergonomic}
   size_t G1HeapRegionSize                         = 1048576                                   {product} {ergonomic}
    uintx GCDrainStackTargetSize                   = 64                                        {product} {ergonomic}
   size_t InitialHeapSize                          = 127926272                                 {product} {ergonomic}
   size_t MarkStackSize                            = 4194304                                   {product} {ergonomic}
   size_t MaxHeapSize                              = 2046820352                                {product} {ergonomic}
   size_t MaxNewSize                               = 1227882496                                {product} {ergonomic}
   size_t MinHeapDeltaBytes                        = 1048576                                   {product} {ergonomic}
    uintx NonNMethodCodeHeapSize                   = 5836300                                {pd product} {ergonomic}
    uintx NonProfiledCodeHeapSize                  = 122910970                              {pd product} {ergonomic}
    uintx ProfiledCodeHeapSize                     = 122910970                              {pd product} {ergonomic}
    uintx ReservedCodeCacheSize                    = 251658240                              {pd product} {ergonomic}
     bool SegmentedCodeCache                       = true                                      {product} {ergonomic}
     bool UseCompressedClassPointers               = true                                 {lp64_product} {ergonomic}
     bool UseCompressedOops                        = true                                 {lp64_product} {ergonomic}
     bool UseG1GC                                  = true                                      {product} {ergonomic}

Logging:
Log output configuration:
 #0: stdout all=warning uptime,level,tags
 #1: stderr all=off uptime,level,tags

Environment Variables:
PATH=/usr/local/sbin:/usr/local/bin:/usr/sbin:/usr/bin:/sbin:/bin:/usr/games:/usr/local/games:snap/bin::/snap/bin:/snap/bin:/usr/bin:/bin
USERNAME=john
SHELL=/bin/bash
DISPLAY=:0
LANG=en_CA.UTF-8

Signal Handlers:
SIGSEGV: [libjvm.so+0xf48bb0], sa_mask[0]=11111111011111111101111111111110, sa_flags=SA_RESTART|SA_SIGINFO
SIGBUS: [libjvm.so+0xf48bb0], sa_mask[0]=11111111011111111101111111111110, sa_flags=SA_RESTART|SA_SIGINFO
SIGFPE: [libjvm.so+0xf48bb0], sa_mask[0]=11111111011111111101111111111110, sa_flags=SA_RESTART|SA_SIGINFO
SIGPIPE: [libjvm.so+0xc69010], sa_mask[0]=11111111011111111101111111111110, sa_flags=SA_RESTART|SA_SIGINFO
SIGXFSZ: [libjvm.so+0xc69010], sa_mask[0]=11111111011111111101111111111110, sa_flags=SA_RESTART|SA_SIGINFO
SIGILL: [libjvm.so+0xf48bb0], sa_mask[0]=11111111011111111101111111111110, sa_flags=SA_RESTART|SA_SIGINFO
SIGUSR2: [libjvm.so+0xc68eb0], sa_mask[0]=00100000000000000000000000000000, sa_flags=SA_RESTART|SA_SIGINFO
SIGHUP: [libjvm.so+0xc694e0], sa_mask[0]=11111111011111111101111111111110, sa_flags=SA_RESTART|SA_SIGINFO
SIGINT: [libjvm.so+0xc694e0], sa_mask[0]=11111111011111111101111111111110, sa_flags=SA_RESTART|SA_SIGINFO
SIGTERM: [libjvm.so+0xc694e0], sa_mask[0]=11111111011111111101111111111110, sa_flags=SA_RESTART|SA_SIGINFO
SIGQUIT: [libjvm.so+0xc694e0], sa_mask[0]=11111111011111111101111111111110, sa_flags=SA_RESTART|SA_SIGINFO


---------------  S Y S T E M  ---------------

OS:DISTRIB_ID=Ubuntu
DISTRIB_RELEASE=22.04
DISTRIB_CODENAME=jammy
DISTRIB_DESCRIPTION="Ubuntu 22.04.1 LTS"
uname:Linux 5.15.0-47-generic #51-Ubuntu SMP Thu Aug 11 07:51:15 UTC 2022 x86_64
OS uptime: 0 days 2:40 hours
libc:glibc 2.35 NPTL 2.35 
rlimit (soft/hard): STACK 8192k/infinity , CORE 0k/infinity , NPROC 30925/30925 , NOFILE 1048576/1048576 , AS infinity/infinity , CPU infinity/infinity , DATA infinity/infinity , FSIZE infinity/infinity , MEMLOCK 998452k/998452k
load average:4.88 5.31 5.83

/proc/meminfo:
MemTotal:        7987632 kB
MemFree:         2379644 kB
MemAvailable:    2812916 kB
Buffers:           34752 kB
Cached:          1088868 kB
SwapCached:        20432 kB
Active:          2195516 kB
Inactive:        2806820 kB
Active(anon):    1754620 kB
Inactive(anon):  2627136 kB
Active(file):     440896 kB
Inactive(file):   179684 kB
Unevictable:      167900 kB
Mlocked:              96 kB
SwapTotal:       1514804 kB
SwapFree:         220592 kB
Dirty:               368 kB
Writeback:             0 kB
AnonPages:       4026344 kB
Mapped:           308960 kB
Shmem:            502812 kB
KReclaimable:      71032 kB
Slab:             218868 kB
SReclaimable:      71032 kB
SUnreclaim:       147836 kB
KernelStack:       46176 kB
PageTables:        71504 kB
NFS_Unstable:          0 kB
Bounce:                0 kB
WritebackTmp:          0 kB
CommitLimit:     5508620 kB
Committed_AS:   28628676 kB
VmallocTotal:   34359738367 kB
VmallocUsed:       74732 kB
VmallocChunk:          0 kB
Percpu:             8320 kB
HardwareCorrupted:     0 kB
AnonHugePages:         0 kB
ShmemHugePages:        0 kB
ShmemPmdMapped:        0 kB
FileHugePages:         0 kB
FilePmdMapped:         0 kB
HugePages_Total:       0
HugePages_Free:        0
HugePages_Rsvd:        0
HugePages_Surp:        0
Hugepagesize:       2048 kB
Hugetlb:               0 kB
DirectMap4k:      397264 kB
DirectMap2M:     7839744 kB
DirectMap1G:     1048576 kB

/sys/kernel/mm/transparent_hugepage/enabled:
always [madvise] never
/sys/kernel/mm/transparent_hugepage/defrag (defrag/compaction efforts parameter):
always defer defer+madvise [madvise] never

Process Memory:
Virtual Size: 4892124K (peak: 4892124K)
Resident Set Size: 41932K (peak: 48760K) (anon: 33772K, file: 8160K, shmem: 0K)
Swapped out: 0K
C-Heap outstanding allocations: 26757K, retained: 5882K
glibc malloc tunables: (default)

/proc/sys/kernel/threads-max (system-wide limit on the number of threads):
61851
/proc/sys/vm/max_map_count (maximum number of memory map areas a process may have):
65530
/proc/sys/kernel/pid_max (system-wide limit on number of process identifiers):
4194304

container (cgroup) information:
container_type: cgroupv2
cpu_cpuset_cpus: not supported
cpu_memory_nodes: not supported
active_processor_count: 8
cpu_quota: not supported
cpu_period: not supported
cpu_shares: not supported
memory_limit_in_bytes: unlimited
memory_and_swap_limit_in_bytes: unlimited
memory_soft_limit_in_bytes: unlimited
memory_usage_in_bytes: 3153485824
memory_max_usage_in_bytes: not supported

Steal ticks since vm start: 0
Steal ticks percentage since vm start:  0.000

CPU:total 8 (initial active 8) (4 cores per cpu, 2 threads per core) family 6 model 142 stepping 12 microcode 0xf0, cmov, cx8, fxsr, mmx, sse, sse2, sse3, ssse3, sse4.1, sse4.2, popcnt, avx, avx2, aes, clmul, erms, 3dnowpref, lzcnt, ht, tsc, tscinvbit, bmi1, bmi2, adx, fma
CPU Model and flags from /proc/cpuinfo:
model name	: Intel(R) Core(TM) i5-8265U CPU @ 1.60GHz
flags		: fpu vme de pse tsc msr pae mce cx8 apic sep mtrr pge mca cmov pat pse36 clflush dts acpi mmx fxsr sse sse2 ss ht tm pbe syscall nx pdpe1gb rdtscp lm constant_tsc art arch_perfmon pebs bts rep_good nopl xtopology nonstop_tsc cpuid aperfmperf pni pclmulqdq dtes64 monitor ds_cpl vmx est tm2 ssse3 sdbg fma cx16 xtpr pdcm pcid sse4_1 sse4_2 x2apic movbe popcnt tsc_deadline_timer aes xsave avx f16c rdrand lahf_lm abm 3dnowprefetch cpuid_fault epb invpcid_single ssbd ibrs ibpb stibp ibrs_enhanced tpr_shadow vnmi flexpriority ept vpid ept_ad fsgsbase tsc_adjust bmi1 avx2 smep bmi2 erms invpcid mpx rdseed adx smap clflushopt intel_pt xsaveopt xsavec xgetbv1 xsaves dtherm ida arat pln pts hwp hwp_notify hwp_act_window hwp_epp md_clear flush_l1d arch_capabilities
Online cpus:
0-7
Offline cpus:

BIOS frequency limitation:
<Not Available>
Frequency switch latency (ns):
0
Available cpu frequencies:
<Not Available>
Current governor:
powersave
Core performance/turbo boost:
<Not Available>

Memory: 4k page, physical 7987632k(2379644k free), swap 1514804k(220592k free)

vm_info: OpenJDK 64-Bit Server VM (11.0.16.1+9-LTS) for linux-amd64 JRE (11.0.16.1+9-LTS), built on Aug 12 2022 20:05:47 by "jenkins" with gcc 7.3.1 20180303 (Red Hat 7.3.1-5)

END.
